"x"
"1" "C"
"2" "C"
"3" "C"
"4" "B"
"5" "C"
"6" "B"
"7" "C"
"8" "E"
"9" "C"
"10" "C"
"11" "C"
"12" "C"
"13" "E"
"14" "C"
"15" "G"
"16" "G"
"17" "C"
"18" "E"
"19" "G"
"20" "C"
"21" "G"
"22" "C"
"23" "B"
"24" "C"
"25" "C"
"26" "C"
"27" "C"
"28" "E"
"29" "B"
"30" "E"
"31" "C"
"32" "C"
"33" "H"
"34" "C"
"35" "C"
"36" "E"
"37" "G"
"38" "E"
"39" "E"
"40" "G"
"41" "B"
"42" "C"
"43" "C"
"44" "A"
"45" "A"
"46" "C"
"47" "C"
"48" "C"
"49" "C"
"50" "C"
"51" "C"
"52" "C"
"53" "C"
"54" "G"
"55" "C"
"56" "C"
"57" "C"
"58" "C"
"59" "E"
"60" "E"
"61" "E"
"62" "C"
"63" "C"
"64" "G"
"65" "C"
"66" "A"
"67" "C"
"68" "C"
"69" "C"
"70" "C"
"71" "C"
"72" "C"
"73" "C"
"74" "C"
"75" "C"
"76" "C"
"77" "C"
"78" "E"
"79" "E"
"80" "C"
"81" "G"
"82" "C"
"83" "E"
"84" "C"
"85" "C"
"86" "C"
"87" "C"
"88" "A"
"89" "C"
"90" "G"
"91" "F"
"92" "C"
"93" "C"
"94" "C"
"95" "C"
"96" "C"
"97" "C"
"98" "C"
"99" "C"
"100" "E"
"101" "B"
"102" "C"
"103" "G"
"104" "C"
"105" "C"
"106" "E"
"107" "C"
"108" "C"
"109" "C"
"110" "C"
"111" "B"
"112" "C"
"113" "G"
"114" "C"
"115" "C"
"116" "C"
"117" "G"
"118" "C"
"119" "G"
"120" "E"
"121" "C"
"122" "E"
"123" "E"
"124" "C"
"125" "C"
"126" "C"
"127" "B"
"128" "C"
"129" "C"
"130" "G"
"131" "E"
"132" "B"
"133" "E"
"134" "G"
"135" "E"
"136" "E"
"137" "C"
"138" "E"
"139" "C"
"140" "G"
"141" "A"
"142" "E"
"143" "E"
"144" "C"
"145" "C"
"146" "C"
"147" "C"
"148" "C"
"149" "C"
"150" "G"
"151" "C"
"152" "C"
"153" "C"
"154" "C"
"155" "B"
"156" "C"
"157" "C"
"158" "C"
"159" "E"
"160" "G"
"161" "C"
"162" "E"
"163" "C"
"164" "C"
"165" "C"
"166" "E"
"167" "C"
"168" "G"
"169" "C"
"170" "C"
"171" "C"
"172" "C"
"173" "C"
"174" "C"
"175" "E"
"176" "E"
"177" "A"
"178" "C"
"179" "C"
"180" "E"
"181" "E"
"182" "C"
"183" "C"
"184" "G"
"185" "C"
"186" "C"
"187" "C"
"188" "C"
"189" "G"
"190" "E"
"191" "G"
"192" "C"
"193" "G"
"194" "G"
"195" "C"
"196" "C"
"197" "E"
"198" "G"
"199" "E"
"200" "C"
